<?xml version="1.0" encoding="UTF-8"?>
<testsuite xmlns:xsi="http://www.w3.org/2001/XMLSchema-instance" xsi:noNamespaceSchemaLocation="https://maven.apache.org/surefire/maven-surefire-plugin/xsd/surefire-test-report.xsd" version="3.0.2" name="com.example.employee_management.service.EmployeeServiceTest" time="0.049" tests="1" errors="0" skipped="0" failures="0">
  <properties>
[...]
</properties>
  <testcase name="testSaveEmployee" classname="com.example.employee_management.service.EmployeeServiceTest" time="0.041">
    <system-out><![CDATA[2025-06-26T14:56:26.849+05:30  INFO 31745 --- [employee_management] [           main] t.c.s.AnnotationConfigContextLoaderUtils : Could not detect default configuration classes for test class [com.example.employee_management.service.EmployeeServiceTest]: EmployeeServiceTest does not declare any static, non-private, non-final, nested classes annotated with @Configuration.
2025-06-26T14:56:26.853+05:30  INFO 31745 --- [employee_management] [           main] .b.t.c.SpringBootTestContextBootstrapper : Found @SpringBootConfiguration com.example.employee_management.EmployeeManagementApplication for test class com.example.employee_management.service.EmployeeServiceTest
Hibernate: 
    insert 
    into
        employee
        (department, name, salary) 
    values
        (?, ?, ?)
]]></system-out>
  </testcase>
</testsuite>